Determining if the pthread_create exist failed with the following output:
Change Dir: /home/shams3049/catkin_ws/build/CMakeFiles/CMakeTmp

Run Build Command:"/usr/bin/make" "cmTC_15c13/fast"
/usr/bin/make -f CMakeFiles/cmTC_15c13.dir/build.make CMakeFiles/cmTC_15c13.dir/build
make[1]: Entering directory '/home/shams3049/catkin_ws/build/CMakeFiles/CMakeTmp'
Building C object CMakeFiles/cmTC_15c13.dir/CheckSymbolExists.c.o
/usr/bin/cc     -o CMakeFiles/cmTC_15c13.dir/CheckSymbolExists.c.o   -c /home/shams3049/catkin_ws/build/CMakeFiles/CMakeTmp/CheckSymbolExists.c
Linking C executable cmTC_15c13
/usr/bin/cmake -E cmake_link_script CMakeFiles/cmTC_15c13.dir/link.txt --verbose=1
/usr/bin/cc       CMakeFiles/cmTC_15c13.dir/CheckSymbolExists.c.o  -o cmTC_15c13 -rdynamic 
CMakeFiles/cmTC_15c13.dir/CheckSymbolExists.c.o: In function `main':
CheckSymbolExists.c:(.text+0x16): undefined reference to `pthread_create'
collect2: error: ld returned 1 exit status
CMakeFiles/cmTC_15c13.dir/build.make:97: recipe for target 'cmTC_15c13' failed
make[1]: *** [cmTC_15c13] Error 1
make[1]: Leaving directory '/home/shams3049/catkin_ws/build/CMakeFiles/CMakeTmp'
Makefile:126: recipe for target 'cmTC_15c13/fast' failed
make: *** [cmTC_15c13/fast] Error 2

File /home/shams3049/catkin_ws/build/CMakeFiles/CMakeTmp/CheckSymbolExists.c:
/* */
#include <pthread.h>

int main(int argc, char** argv)
{
  (void)argv;
#ifndef pthread_create
  return ((int*)(&pthread_create))[argc];
#else
  (void)argc;
  return 0;
#endif
}

Determining if the function pthread_create exists in the pthreads failed with the following output:
Change Dir: /home/shams3049/catkin_ws/build/CMakeFiles/CMakeTmp

Run Build Command:"/usr/bin/make" "cmTC_153f4/fast"
/usr/bin/make -f CMakeFiles/cmTC_153f4.dir/build.make CMakeFiles/cmTC_153f4.dir/build
make[1]: Entering directory '/home/shams3049/catkin_ws/build/CMakeFiles/CMakeTmp'
Building C object CMakeFiles/cmTC_153f4.dir/CheckFunctionExists.c.o
/usr/bin/cc    -DCHECK_FUNCTION_EXISTS=pthread_create   -o CMakeFiles/cmTC_153f4.dir/CheckFunctionExists.c.o   -c /usr/share/cmake-3.5/Modules/CheckFunctionExists.c
Linking C executable cmTC_153f4
/usr/bin/cmake -E cmake_link_script CMakeFiles/cmTC_153f4.dir/link.txt --verbose=1
/usr/bin/cc   -DCHECK_FUNCTION_EXISTS=pthread_create    CMakeFiles/cmTC_153f4.dir/CheckFunctionExists.c.o  -o cmTC_153f4 -rdynamic -lpthreads 
/usr/bin/ld: cannot find -lpthreads
collect2: error: ld returned 1 exit status
CMakeFiles/cmTC_153f4.dir/build.make:97: recipe for target 'cmTC_153f4' failed
make[1]: *** [cmTC_153f4] Error 1
make[1]: Leaving directory '/home/shams3049/catkin_ws/build/CMakeFiles/CMakeTmp'
Makefile:126: recipe for target 'cmTC_153f4/fast' failed
make: *** [cmTC_153f4/fast] Error 2


Determining if the CL_VERSION_2_0 exist failed with the following output:
Change Dir: /home/shams3049/catkin_ws/build/CMakeFiles/CMakeTmp

Run Build Command:"/usr/bin/make" "cmTC_7b7e6/fast"
/usr/bin/make -f CMakeFiles/cmTC_7b7e6.dir/build.make CMakeFiles/cmTC_7b7e6.dir/build
make[1]: Entering directory '/home/shams3049/catkin_ws/build/CMakeFiles/CMakeTmp'
Building C object CMakeFiles/cmTC_7b7e6.dir/CheckSymbolExists.c.o
/usr/bin/cc   -I/usr/local/cuda-9.0/include   -o CMakeFiles/cmTC_7b7e6.dir/CheckSymbolExists.c.o   -c /home/shams3049/catkin_ws/build/CMakeFiles/CMakeTmp/CheckSymbolExists.c
/home/shams3049/catkin_ws/build/CMakeFiles/CMakeTmp/CheckSymbolExists.c: In function ‘main’:
/home/shams3049/catkin_ws/build/CMakeFiles/CMakeTmp/CheckSymbolExists.c:8:19: error: ‘CL_VERSION_2_0’ undeclared (first use in this function)
   return ((int*)(&CL_VERSION_2_0))[argc];
                   ^
/home/shams3049/catkin_ws/build/CMakeFiles/CMakeTmp/CheckSymbolExists.c:8:19: note: each undeclared identifier is reported only once for each function it appears in
CMakeFiles/cmTC_7b7e6.dir/build.make:65: recipe for target 'CMakeFiles/cmTC_7b7e6.dir/CheckSymbolExists.c.o' failed
make[1]: *** [CMakeFiles/cmTC_7b7e6.dir/CheckSymbolExists.c.o] Error 1
make[1]: Leaving directory '/home/shams3049/catkin_ws/build/CMakeFiles/CMakeTmp'
Makefile:126: recipe for target 'cmTC_7b7e6/fast' failed
make: *** [cmTC_7b7e6/fast] Error 2

File /home/shams3049/catkin_ws/build/CMakeFiles/CMakeTmp/CheckSymbolExists.c:
/* */
#include </usr/local/cuda-9.0/include/CL/cl.h>

int main(int argc, char** argv)
{
  (void)argv;
#ifndef CL_VERSION_2_0
  return ((int*)(&CL_VERSION_2_0))[argc];
#else
  (void)argc;
  return 0;
#endif
}

